[2026-07-05 09:19:12] [INFO] Iniciando Gerenciador de Drivers.
[2026-07-05 09:19:36] [INFO] Busca de drivers: 0 atualizacoes encontradas.
[2026-07-05 09:19:43] [INFO] Iniciando Ajustes de Sistema (Tweaks).
[2026-07-05 09:19:53] [INFO] Iniciando Sistema Leve.
[2026-07-05 09:20:02] [SUCCESS] Apps em segundo plano desativados.
[2026-07-05 09:20:08] [INFO] Iniciando Limpeza Profunda.
[2026-07-05 09:20:31] [INFO] Iniciando Manutencao Essencial.
[2026-07-05 09:20:31] [INFO] Iniciando Manutencao Essencial...
[2026-07-05 09:20:31] [INFO] Criando Ponto de Restauracao do Sistema...
[2026-07-05 09:20:32] [SUCCESS] Ponto de restauracao criado com sucesso.
[2026-07-05 09:20:32] [INFO] Limpando arquivos temporarios...
[2026-07-05 09:20:32] [SUCCESS] Limpeza de arquivos temporarios concluida (0 arquivos).
[2026-07-05 09:20:32] [INFO] Limpando cache de DNS...
[2026-07-05 09:20:32] [SUCCESS] Cache de DNS limpo.
[2026-07-05 09:20:32] [INFO] Limpando cache do Windows Update...
[2026-07-05 09:20:33] [SUCCESS] Cache do Windows Update limpo com sucesso.
[2026-07-05 09:20:33] [INFO] Executando SFC /scannow (Isso pode demorar)...
[2026-07-05 09:25:20] [SUCCESS] SFC concluido com sucesso.
[2026-07-05 09:25:20] [INFO] Executando DISM RestoreHealth...
[2026-07-05 09:30:00] [SUCCESS] DISM concluido com sucesso.
[2026-07-05 09:30:00] [INFO] Executando CHKDSK /scan...
[2026-07-05 09:35:36] [INFO] CHKDSK concluido.
[2026-07-05 09:35:36] [INFO] Otimizando discos (Defrag/Trim)...
[2026-07-05 09:35:36] [SUCCESS] Otimizacao de disco concluida.
[2026-07-05 09:35:36] [SUCCESS] Manutencao Essencial concluida com sucesso! (~-0.75 GB liberados)
[2026-07-05 09:36:56] [INFO] Abrindo Ferramentas Nativas do Windows.
[2026-07-05 09:37:05] [INFO] Abriu mdsched (Diagnostico de Memoria).
[2026-07-05 09:38:27] [INFO] Abrindo Ferramentas Nativas do Windows.
[2026-07-05 09:38:41] [INFO] Abriu mrt.exe (Malicious Software Removal Tool).
[2026-07-05 09:42:23] [INFO] Iniciando Varredura e Limpeza do Registro.
[2026-07-05 09:42:46] [INFO] Abrindo Ferramentas Nativas do Windows.
[2026-07-05 09:42:53] [INFO] Abriu cleanmgr /sageset:1 (configuracao do Disk Cleanup estendido).
[2026-07-05 09:44:48] [INFO] Abrindo Ferramentas Nativas do Windows.
[2026-07-05 09:44:56] [WARNING] Winget nao encontrado no sistema.
[2026-07-05 09:49:35] [INFO] Iniciando Varredura e Limpeza do Registro.
[2026-07-05 10:01:10] [INFO] Iniciando Varredura e Limpeza do Registro.
[2026-07-05 10:01:16] [INFO] Abrindo Ferramentas Nativas do Windows.
[2026-07-05 10:01:19] [WARNING] Winget nao encontrado no sistema.
[2026-07-05 10:04:04] [INFO] Iniciando Restauracao do Registro.
[2026-07-05 10:04:19] [INFO] Abrindo Ferramentas Nativas do Windows.
[2026-07-05 10:04:22] [WARNING] Winget nao encontrado no sistema.
[2026-07-05 10:16:21] [INFO] Iniciando Varredura e Limpeza do Registro.
[2026-07-05 16:22:42] [INFO] Iniciando Varredura e Limpeza do Registro.
