[2026-07-04 12:33:52] [INFO] Iniciando Ajustes de Sistema (Tweaks).
[2026-07-04 12:34:03] [INFO] Status dos tweaks verificado: 13/13 aplicados
[2026-07-04 12:34:44] [INFO] Iniciando Diagnosticos Aprofundados.
[2026-07-04 12:34:44] [INFO] Iniciando Diagnostico Profundo...
[2026-07-04 12:34:47] [SUCCESS] Relatorio gerado em: C:\Users\Playtec-bancada\Desktop\Downloads\WindowsMaintenanceSuite_v3-main-extracted\WindowsMaintenanceSuite_v3-main\WindowsMaintenanceSuite\Modules\..\Reports\DeepDiag_20260704_1234.txt
[2026-07-04 12:35:28] [INFO] Iniciando Monitor de Desempenho.
[2026-07-04 12:45:25] [INFO] Iniciando Ajustes de Sistema (Tweaks).
[2026-07-04 13:29:42] [INFO] Iniciando Ajustes de Sistema (Tweaks).
[2026-07-04 13:57:58] [INFO] Iniciando Ajustes de Sistema (Tweaks).
[2026-07-04 15:38:40] [INFO] Iniciando Ajustes de Sistema (Tweaks).
[2026-07-04 15:39:01] [SUCCESS] Pesquisa web no Menu Iniciar desativada.
[2026-07-04 15:39:13] [INFO] Iniciando Ajustes de Sistema (Tweaks).
[2026-07-04 15:39:30] [SUCCESS] Conteudo sugerido/dicas/Timeline desativados.
[2026-07-04 15:39:40] [INFO] Iniciando Ajustes de Sistema (Tweaks).
[2026-07-04 15:40:15] [INFO] Iniciando Gerenciador de Drivers.
[2026-07-04 15:40:19] [INFO] Listagem de drivers: 27 encontrados.
[2026-07-04 15:40:32] [INFO] Iniciando Gerenciador de Drivers.
[2026-07-04 15:41:12] [INFO] Busca de drivers: 5 atualizacoes encontradas.
[2026-07-04 15:41:37] [INFO] Iniciando Gerenciador de Drivers.
[2026-07-04 15:45:18] [SUCCESS] Atualizacao de drivers via Windows Update concluida com sucesso.
[2026-07-04 15:45:31] [INFO] Iniciando Gerenciador de Drivers.
[2026-07-04 15:45:49] [INFO] Busca de drivers: 0 atualizacoes encontradas.
[2026-07-04 16:52:30] [INFO] Iniciando Gerenciador de Drivers.
[2026-07-04 16:52:49] [INFO] Busca de drivers: 0 atualizacoes encontradas.
[2026-07-04 16:53:08] [INFO] Iniciando Monitor de Desempenho.
[2026-07-04 16:53:57] [INFO] Iniciando Sistema Leve.
[2026-07-04 16:55:14] [INFO] Iniciando Sistema Leve.
[2026-07-04 16:55:28] [SUCCESS] Apps em segundo plano desativados.
[2026-07-04 16:55:34] [INFO] Iniciando Sistema Leve.
[2026-07-04 16:58:29] [INFO] Iniciando Sistema Leve.
[2026-07-04 16:58:44] [INFO] Iniciando Sistema Leve.
[2026-07-04 16:59:09] [INFO] Iniciando Sistema Leve.
[2026-07-04 16:59:36] [INFO] Iniciando Sistema Leve.
[2026-07-04 17:00:01] [SUCCESS] Servico desativado: DiagTrack
[2026-07-04 17:00:06] [INFO] Iniciando Sistema Leve.
[2026-07-04 17:00:23] [INFO] Iniciando Sistema Leve.
[2026-07-04 17:02:18] [INFO] Iniciando Sistema Leve.
[2026-07-04 17:02:42] [INFO] Iniciando Sistema Leve.
[2026-07-04 17:03:00] [INFO] Iniciando Sistema Leve.
[2026-07-04 17:04:12] [INFO] Iniciando Sistema Leve.
[2026-07-04 17:13:49] [INFO] Iniciando Sistema Leve.
[2026-07-04 17:15:29] [SUCCESS] Servico desativado: XboxNetApiSvc
[2026-07-04 17:15:43] [SUCCESS] Servico desativado: XblAuthManager
[2026-07-04 17:16:32] [SUCCESS] Servico desativado: RetailDemo
[2026-07-04 17:17:57] [INFO] Iniciando Sistema Leve.
[2026-07-04 17:23:32] [INFO] Iniciando Sistema Leve.
[2026-07-04 17:26:15] [INFO] Iniciando Sistema Leve.
