[2026-07-06 19:16:37] [INFO] Test log message
[2026-07-06 19:16:37] [WARNING] Warning test
[2026-07-06 19:16:37] [ERROR] Error test
[2026-07-06 19:16:38] [SUCCESS] Success test
[2026-07-06 19:17:47] [INFO] Test log message
[2026-07-06 19:17:47] [WARNING] Warning test
[2026-07-06 19:17:47] [ERROR] Error test
[2026-07-06 19:17:47] [SUCCESS] Success test
[2026-07-06 19:18:19] [INFO] Test log message
[2026-07-06 19:18:19] [WARNING] Warning test
[2026-07-06 19:18:19] [ERROR] Error test
[2026-07-06 19:18:19] [SUCCESS] Success test
[2026-07-06 20:24:01] [INFO] Iniciando Ajustes de Sistema (Tweaks).
[2026-07-06 20:24:42] [SUCCESS] Segundos no relogio da barra ativados.
[2026-07-06 20:25:13] [INFO] Iniciando Ajustes de Sistema (Tweaks).
[2026-07-06 20:44:00] [INFO] Iniciando Ajustes de Sistema (Tweaks).
[2026-07-06 20:44:23] [SUCCESS] Pesquisa do Bing no Menu Iniciar bloqueada.
[2026-07-06 20:44:31] [INFO] Iniciando Ajustes de Sistema (Tweaks).
[2026-07-06 20:44:54] [INFO] Status dos tweaks verificado: 23/37 aplicados
[2026-07-06 20:45:21] [INFO] Iniciando Ajustes de Sistema (Tweaks).
[2026-07-06 20:45:28] [SUCCESS] Biometria (WbioSrvc) desativada.
[2026-07-06 20:45:55] [INFO] Iniciando Ajustes de Sistema (Tweaks).
[2026-07-06 20:46:04] [SUCCESS] Experiencias do consumidor desativadas.
[2026-07-06 20:46:09] [INFO] Iniciando Ajustes de Sistema (Tweaks).
[2026-07-06 20:46:15] [SUCCESS] OneDrive desativado.
[2026-07-06 20:46:26] [INFO] Iniciando Ajustes de Sistema (Tweaks).
[2026-07-06 20:46:49] [SUCCESS] Teclas de acessibilidade desativadas.
[2026-07-06 20:47:00] [INFO] Iniciando Ajustes de Sistema (Tweaks).
[2026-07-06 20:47:08] [SUCCESS] Xbox Game Bar/Game Mode desativados.
[2026-07-06 20:47:24] [INFO] Iniciando Ajustes de Sistema (Tweaks).
[2026-07-06 20:47:36] [SUCCESS] Explorer padrao alterado para 'Este Computador'.
[2026-07-06 20:48:13] [INFO] Saindo do Windows Maintenance Suite.
