[2026-06-28 18:23:33] [INFO] Iniciando Manutenção Essencial.
[2026-06-28 18:58:47] [INFO] Iniciando Manutenção Essencial.
[2026-06-28 18:58:47] [INFO] Iniciando Manutenção Essencial...
[2026-06-28 18:58:47] [INFO] Criando Ponto de Restauração do Sistema...
[2026-06-28 18:59:23] [SUCCESS] Ponto de restauração criado com sucesso.
[2026-06-28 18:59:23] [INFO] Limpando arquivos temporários...
[2026-06-28 18:59:24] [INFO] Limpando cache de DNS...
[2026-06-28 18:59:24] [INFO] Limpando cache do Windows Update...
[2026-06-28 18:59:24] [INFO] Executando SFC /scannow (Isso pode demorar)...
[2026-06-28 19:01:55] [INFO] Iniciando Diagnóstico SMART dos Discos...
[2026-06-28 19:02:02] [SUCCESS] Diagnóstico SMART concluído.
[2026-06-28 19:03:00] [INFO] Iniciando Diagnostico Profundo...
[2026-06-28 19:03:06] [SUCCESS] Relatorio gerado em: C:\Users\Playtec-bancada\Desktop\Downloads\WindowsMaintenanceSuite_v3\WindowsMaintenanceSuite\Modules\..\Reports\DeepDiag_20260628_1903.txt
[2026-06-28 19:14:59] [INFO] Iniciando Diagnósticos Inteligentes (SMART).
[2026-06-28 19:14:59] [INFO] Iniciando Diagnóstico SMART dos Discos...
[2026-06-28 19:15:02] [SUCCESS] Diagnóstico SMART concluído.
[2026-06-28 19:15:30] [INFO] Iniciando Diagnósticos Aprofundados.
[2026-06-28 19:15:30] [INFO] Iniciando Diagnostico Profundo...
[2026-06-28 19:15:32] [SUCCESS] Relatorio gerado em: C:\Users\Playtec-bancada\Desktop\Downloads\WindowsMaintenanceSuite_v3\WindowsMaintenanceSuite\Modules\..\Reports\DeepDiag_20260628_1915.txt
[2026-06-28 19:16:03] [INFO] Iniciando Ajustes de Sistema (Tweaks).
[2026-06-28 19:16:47] [INFO] Iniciando Ajustes de Sistema (Tweaks).
[2026-06-28 19:17:13] [INFO] Iniciando Ajustes de Sistema (Tweaks).
[2026-06-28 19:17:31] [INFO] Iniciando Ajustes de Sistema (Tweaks).
[2026-06-28 19:21:30] [SUCCESS] Plano de energia 'Desempenho Maximo' ativado.
